[debug] [2026-03-27T11:21:50.128Z] ----------------------------------------------------------------------
[debug] [2026-03-27T11:21:50.131Z] Command:       C:\Program Files\nodejs\node.exe C:\Users\D S Makhloga\AppData\Roaming\npm\node_modules\firebase-tools\lib\bin\firebase.js init
[debug] [2026-03-27T11:21:50.131Z] CLI Version:   15.11.0
[debug] [2026-03-27T11:21:50.131Z] Platform:      win32
[debug] [2026-03-27T11:21:50.131Z] Node Version:  v24.14.1
[debug] [2026-03-27T11:21:50.131Z] Time:          Fri Mar 27 2026 16:51:50 GMT+0530 (India Standard Time)
[debug] [2026-03-27T11:21:50.131Z] ----------------------------------------------------------------------
[debug] 
[info] 
     ######## #### ########  ######## ########     ###     ######  ########
     ##        ##  ##     ## ##       ##     ##  ##   ##  ##       ##
     ######    ##  ########  ######   ########  #########  ######  ######
     ##        ##  ##    ##  ##       ##     ## ##     ##       ## ##
     ##       #### ##     ## ######## ########  ##     ##  ######  ########

You're about to initialize a Firebase project in this directory:

  C:\Users\D S Makhloga

Before we get started, keep in mind:

  * You are initializing within an existing Firebase project directory

[debug] [2026-03-27T11:22:14.150Z] ExitPromptError: User force closed the prompt with SIGINT
    at Interface.sigint (C:\Users\D S Makhloga\AppData\Roaming\npm\node_modules\firebase-tools\node_modules\@inquirer\core\dist\commonjs\lib\create-prompt.js:101:37)
    at Interface.emit (node:events:508:28)
    at [_ttyWrite] [as _ttyWrite] (node:internal/readline/interface:1327:18)
    at ReadStream.onkeypress (node:internal/readline/interface:284:20)
    at ReadStream.emit (node:events:520:35)
    at emitKeys (node:internal/readline/utils:371:14)
    at emitKeys.next (<anonymous>)
    at ReadStream.onData (node:internal/readline/emitKeypressEvents:64:36)
    at ReadStream.emit (node:events:508:28)
    at addChunk (node:internal/streams/readable:563:12)
[error] 
[error] Error: An unexpected error has occurred.
